<?xml version="1.0" encoding="UTF-8"?>
<testsuite xmlns:xsi="http://www.w3.org/2001/XMLSchema-instance" xsi:noNamespaceSchemaLocation="https://maven.apache.org/surefire/maven-surefire-plugin/xsd/surefire-test-report-3.0.xsd" version="3.0" name="testRunner.CucumberTestRunner" time="11.963" tests="1" errors="0" skipped="0" failures="0">
  <properties>
[...]
</properties>
  <testcase name="Admin can login with valid credentials" classname="As a Admin, user able to login" time="7.818">
    <system-out><![CDATA[
Scenario: Admin can login with valid credentials                                                   &amp#27;[90m# featurefiles/login.feature:22&amp#27;[0m
  &amp#27;[32mGiven &amp#27;[0m&amp#27;[32muser able to load application&amp#27;[0m                                                              &amp#27;[90m# stepDefination.LoginStep.user_able_to_load_application()&amp#27;[0m
  &amp#27;[32mWhen &amp#27;[0m&amp#27;[32mUser enter username as &amp#27;[0m&amp#27;[32m&amp#27;[1m"admin@email.com"&amp#27;[0m&amp#27;[32m, password as &amp#27;[0m&amp#27;[32m&amp#27;[1m"admin@123"&amp#27;[0m&amp#27;[32m and click on login button&amp#27;[0m &amp#27;[90m# stepDefination.LoginStep.user_enter_username_as_password_as_and_click_on_login_button(java.lang.String,java.lang.String)&amp#27;[0m
  &amp#27;[32mThen &amp#27;[0m&amp#27;[32mUser should able to login&amp#27;[0m                                                                   &amp#27;[90m# stepDefination.LoginStep.user_should_able_to_login()&amp#27;[0m
]]></system-out>
  </testcase>
</testsuite>